Using pre-set license

(Unity:25362): Gtk-WARNING **: 15:35:46.575: Theme parsing error: gtk.css:3611:22: 'none' is not a valid color name
Desktop is 1366 x 768 @ 60 Hz

 COMMAND LINE ARGUMENTS:
Unity
-adb2
-batchMode
-noUpm
-name
AssetImportWorker0
-projectPath
/home/juliusw/Desktop/GMTK2021
-logFile
Logs/AssetImportWorker0.log
-srvPort
45449
Successfully changed project path to: /home/juliusw/Desktop/GMTK2021
/home/juliusw/Desktop/GMTK2021
Using Asset Import Pipeline V2.
Refreshing native plugins compatible for Editor in 239.74 ms, found 0 plugins.
Preloading 0 native plugins for Editor in 0.00 ms.
Initialize engine version: 2020.3.11f1 (99c7afb366b3)
[Subsystems] Discovering subsystems at path /home/juliusw/Unity/Hub/Editor/2020.3.11f1/Editor/Data/Resources/UnitySubsystems
[Subsystems] Discovering subsystems at path /home/juliusw/Desktop/GMTK2021/Assets
GLX Extensions: GLX_ARB_create_context GLX_ARB_create_context_no_error GLX_ARB_create_context_profile GLX_ARB_create_context_robustness GLX_ARB_fbconfig_float GLX_ARB_framebuffer_sRGB GLX_ARB_get_proc_address GLX_ARB_multisample GLX_EXT_buffer_age GLX_EXT_create_context_es2_profile GLX_EXT_create_context_es_profile GLX_EXT_fbconfig_packed_float GLX_EXT_framebuffer_sRGB GLX_EXT_import_context GLX_EXT_swap_control GLX_EXT_swap_control_tear GLX_EXT_texture_from_pixmap GLX_EXT_visual_info GLX_EXT_visual_rating GLX_INTEL_swap_event GLX_MESA_copy_sub_buffer GLX_MESA_query_renderer GLX_MESA_swap_control GLX_OML_swap_method GLX_OML_sync_control GLX_SGIS_multisample GLX_SGIX_fbconfig GLX_SGIX_pbuffer GLX_SGIX_visual_select_group GLX_SGI_make_current_read GLX_SGI_swap_control GLX_SGI_video_sync 
Renderer: Mesa DRI Intel(R) HD Graphics 4000 (IVB GT2)
Vendor:   Intel Open Source Technology Center
Version:  4.2 (Core Profile) Mesa 21.1.2
GLES:     0
 GL_3DFX_texture_compression_FXT1 GL_AMD_conservative_depth GL_AMD_draw_buffers_blend GL_AMD_multi_draw_indirect GL_AMD_seamless_cubemap_per_texture GL_AMD_shader_trinary_minmax GL_AMD_texture_texture4 GL_AMD_vertex_shader_layer GL_AMD_vertex_shader_viewport_index GL_ANGLE_texture_compression_dxt3 GL_ANGLE_texture_compression_dxt5 GL_APPLE_object_purgeable GL_ARB_ES2_compatibility GL_ARB_ES3_compatibility GL_ARB_arrays_of_arrays GL_ARB_base_instance GL_ARB_blend_func_extended GL_ARB_buffer_storage GL_ARB_clear_buffer_object GL_ARB_clear_texture GL_ARB_clip_control GL_ARB_compressed_texture_pixel_storage GL_ARB_compute_shader GL_ARB_compute_variable_group_size GL_ARB_conditional_render_inverted GL_ARB_conservative_depth GL_ARB_copy_buffer GL_ARB_copy_image GL_ARB_cull_distance GL_ARB_debug_output GL_ARB_depth_buffer_float GL_ARB_depth_clamp GL_ARB_derivative_control GL_ARB_direct_state_access GL_ARB_draw_buffers GL_ARB_draw_buffers_blend GL_ARB_draw_elements_base_vertex GL_ARB_draw_indirect GL_ARB_draw_instan
ced GL_ARB_enhanced_layouts GL_ARB_explicit_attrib_location GL_ARB_explicit_uniform_location GL_ARB_fragment_coord_conventions GL_ARB_fragment_layer_viewport GL_ARB_fragment_shader GL_ARB_framebuffer_no_attachments GL_ARB_framebuffer_object GL_ARB_framebuffer_sRGB GL_ARB_get_program_binary GL_ARB_get_texture_sub_image GL_ARB_gl_spirv GL_ARB_gpu_shader5 GL_ARB_gpu_shader_fp64 GL_ARB_half_float_pixel GL_ARB_half_float_vertex GL_ARB_indirect_parameters GL_ARB_instanced_arrays GL_ARB_internalformat_query GL_ARB_internalformat_query2 GL_ARB_invalidate_subdata GL_ARB_map_buffer_alignment GL_ARB_map_buffer_range GL_ARB_multi_bind GL_ARB_multi_draw_indirect GL_ARB_occlusion_query2 GL_ARB_parallel_shader_compile GL_ARB_pipeline_statistics_query GL_ARB_pixel_buffer_object GL_ARB_point_sprite GL_ARB_polygon_offset_clamp GL_ARB_program_interface_query GL_ARB_provoking_vertex GL_ARB_robustness GL_ARB_sample_shading GL_ARB_sampler_objects GL_ARB_seamless_cube_map GL_ARB_seamless_cubemap_per_texture GL_ARB_separate_shader_
objects GL_ARB_shader_atomic_counter_ops GL_ARB_shader_atomic_counters GL_ARB_shader_bit_encoding GL_ARB_shader_clock GL_ARB_shader_draw_parameters GL_ARB_shader_group_vote GL_ARB_shader_image_load_store GL_ARB_shader_image_size GL_ARB_shader_objects GL_ARB_shader_precision GL_ARB_shader_storage_buffer_object GL_ARB_shader_subroutine GL_ARB_shader_texture_image_samples GL_ARB_shader_texture_lod GL_ARB_shader_viewport_layer_array GL_ARB_shading_language_420pack GL_ARB_shading_language_include GL_ARB_shading_language_packing GL_ARB_spirv_extensions GL_ARB_sync GL_ARB_tessellation_shader GL_ARB_texture_barrier GL_ARB_texture_buffer_object GL_ARB_texture_buffer_object_rgb32 GL_ARB_texture_buffer_range GL_ARB_texture_compression_bptc GL_ARB_texture_compression_rgtc GL_ARB_texture_cube_map_array GL_ARB_texture_filter_anisotropic GL_ARB_texture_float GL_ARB_texture_gather GL_ARB_texture_mirror_clamp_to_edge GL_ARB_texture_multisample GL_ARB_texture_non_power_of_two GL_ARB_texture_query_levels GL_ARB_texture_query_l
od GL_ARB_texture_rectangle GL_ARB_texture_rg GL_ARB_texture_rgb10_a2ui GL_ARB_texture_storage GL_ARB_texture_storage_multisample GL_ARB_texture_swizzle GL_ARB_texture_view GL_ARB_timer_query GL_ARB_transform_feedback2 GL_ARB_transform_feedback3 GL_ARB_transform_feedback_instanced GL_ARB_transform_feedback_overflow_query GL_ARB_uniform_buffer_object GL_ARB_vertex_array_bgra GL_ARB_vertex_array_object GL_ARB_vertex_attrib_64bit GL_ARB_vertex_attrib_binding GL_ARB_vertex_buffer_object GL_ARB_vertex_shader GL_ARB_vertex_type_10f_11f_11f_rev GL_ARB_vertex_type_2_10_10_10_rev GL_ARB_viewport_array GL_ATI_blend_equation_separate GL_ATI_texture_float GL_EXT_EGL_image_storage GL_EXT_EGL_sync GL_EXT_abgr GL_EXT_blend_equation_separate GL_EXT_demote_to_helper_invocation GL_EXT_draw_buffers2 GL_EXT_draw_instanced GL_EXT_framebuffer_blit GL_EXT_framebuffer_multisample GL_EXT_framebuffer_multisample_blit_scaled GL_EXT_framebuffer_object GL_EXT_framebuffer_sRGB GL_EXT_packed_depth_stencil GL_EXT_packed_float GL_EXT_pixel_
buffer_object GL_EXT_polygon_offset_clamp GL_EXT_provoking_vertex GL_EXT_shader_framebuffer_fetch_non_coherent GL_EXT_shader_integer_mix GL_EXT_shader_samples_identical GL_EXT_texture_array GL_EXT_texture_compression_dxt1 GL_EXT_texture_compression_rgtc GL_EXT_texture_compression_s3tc GL_EXT_texture_filter_anisotropic GL_EXT_texture_integer GL_EXT_texture_sRGB GL_EXT_texture_sRGB_R8 GL_EXT_texture_sRGB_decode GL_EXT_texture_shadow_lod GL_EXT_texture_shared_exponent GL_EXT_texture_snorm GL_EXT_texture_swizzle GL_EXT_timer_query GL_EXT_transform_feedback GL_EXT_vertex_array_bgra GL_EXT_vertex_attrib_64bit GL_IBM_multimode_draw_arrays GL_INTEL_blackhole_render GL_INTEL_performance_query GL_KHR_blend_equation_advanced GL_KHR_context_flush_control GL_KHR_debug GL_KHR_no_error GL_KHR_parallel_shader_compile GL_KHR_robustness GL_MESA_pack_invert GL_MESA_shader_integer_functions GL_MESA_texture_signed_rgba GL_NV_compute_shader_derivatives GL_NV_conditional_render GL_NV_depth_clamp GL_NV_packed_depth_stencil GL_NV_te
xture_barrier GL_OES_EGL_image GL_S3_s3tc
OPENGL LOG: Creating OpenGL 4.2 graphics device ; Context level  <OpenGL 4.2> ; Context handle 270152176
Initialize mono
Mono path[0] = '/home/juliusw/Unity/Hub/Editor/2020.3.11f1/Editor/Data/Managed'
Mono path[1] = '/home/juliusw/Unity/Hub/Editor/2020.3.11f1/Editor/Data/MonoBleedingEdge/lib/mono/unityjit'
Mono config path = '/home/juliusw/Unity/Hub/Editor/2020.3.11f1/Editor/Data/MonoBleedingEdge/etc'
Using monoOptions --debugger-agent=transport=dt_socket,embedding=1,server=y,suspend=n,address=127.0.0.1:56362
Begin MonoManager ReloadAssembly
Registering precompiled unity dll's ...
Register platform support module: /home/juliusw/Unity/Hub/Editor/2020.3.11f1/Editor/Data/PlaybackEngines/LinuxStandaloneSupport/UnityEditor.LinuxStandalone.Extensions.dll
Registered in 0.005479 seconds.
Native extension for LinuxStandalone target not found
Refreshing native plugins compatible for Editor in 100.83 ms, found 0 plugins.
Preloading 0 native plugins for Editor in 0.00 ms.
Mono: successfully reloaded assembly
- Completed reload, in  2.701 seconds
Platform modules already initialized, skipping
Registering precompiled user dll's ...
Registered in 0.009020 seconds.
Begin MonoManager ReloadAssembly
Native extension for LinuxStandalone target not found
Refreshing native plugins compatible for Editor in 101.79 ms, found 0 plugins.
Preloading 0 native plugins for Editor in 0.00 ms.
Mono: successfully reloaded assembly
- Completed reload, in  3.057 seconds
Platform modules already initialized, skipping
========================================================================
Worker process is ready to serve import requests
Shader 'Universal Render Pipeline/Particles/Lit': fallback shader 'Universal Render Pipeline/Particles/SimpleLit' not found
Shader 'Universal Render Pipeline/Particles/Lit': fallback shader 'Universal Render Pipeline/Particles/SimpleLit' not found
Launched and connected shader compiler UnityShaderCompiler after 0.01 seconds
Refreshing native plugins compatible for Editor in 0.66 ms, found 0 plugins.
Preloading 0 native plugins for Editor in 0.00 ms.
Unloading 2691 Unused Serialized files (Serialized files now loaded: 0)
System memory in use before: 113.2 MB.
System memory in use after: 111.2 MB.

Unloading 55 unused Assets to reduce memory usage. Loaded Objects now: 3087.
Total: 10.286703 ms (FindLiveObjects: 0.612967 ms CreateObjectMapping: 0.299954 ms MarkObjects: 5.944366 ms  DeleteObjects: 3.426329 ms)

========================================================================
Received Import Request.
  path: Assets/Main.unity
  artifactKey: Guid(d8808f6070a2709e58ca4911bdc6e8e5) Importer(815301076,1909f56bfc062723c751e8b465ee728b)
Start importing Assets/Main.unity using Guid(d8808f6070a2709e58ca4911bdc6e8e5) Importer(815301076,1909f56bfc062723c751e8b465ee728b)  -> (artifact id: 'd70a37690698faba1ffc763ef55ecef9') in 0.019520 seconds
  Import took 0.028201 seconds .

========================================================================
Received Prepare
Registering precompiled user dll's ...
Registered in 0.008343 seconds.
Begin MonoManager ReloadAssembly
Native extension for LinuxStandalone target not found
Refreshing native plugins compatible for Editor in 1.43 ms, found 0 plugins.
Preloading 0 native plugins for Editor in 0.00 ms.
Mono: successfully reloaded assembly
- Completed reload, in  2.629 seconds
Platform modules already initialized, skipping
Shader 'Universal Render Pipeline/Particles/Lit': fallback shader 'Universal Render Pipeline/Particles/SimpleLit' not found
Shader 'Universal Render Pipeline/Particles/Lit': fallback shader 'Universal Render Pipeline/Particles/SimpleLit' not found
Refreshing native plugins compatible for Editor in 1.29 ms, found 0 plugins.
Preloading 0 native plugins for Editor in 0.00 ms.
Unloading 2618 Unused Serialized files (Serialized files now loaded: 0)
System memory in use before: 109.8 MB.
System memory in use after: 107.8 MB.

Unloading 50 unused Assets to reduce memory usage. Loaded Objects now: 3090.
Total: 13.510844 ms (FindLiveObjects: 0.970089 ms CreateObjectMapping: 0.707749 ms MarkObjects: 7.591398 ms  DeleteObjects: 4.237987 ms)

========================================================================
Received Prepare
Registering precompiled user dll's ...
Registered in 0.010265 seconds.
Begin MonoManager ReloadAssembly
Native extension for LinuxStandalone target not found
Refreshing native plugins compatible for Editor in 1.27 ms, found 0 plugins.
Preloading 0 native plugins for Editor in 0.00 ms.
Mono: successfully reloaded assembly
- Completed reload, in  2.123 seconds
Platform modules already initialized, skipping
Shader 'Universal Render Pipeline/Particles/Lit': fallback shader 'Universal Render Pipeline/Particles/SimpleLit' not found
Shader 'Universal Render Pipeline/Particles/Lit': fallback shader 'Universal Render Pipeline/Particles/SimpleLit' not found
Refreshing native plugins compatible for Editor in 1.31 ms, found 0 plugins.
Preloading 0 native plugins for Editor in 0.00 ms.
Unloading 2618 Unused Serialized files (Serialized files now loaded: 0)
System memory in use before: 109.9 MB.
System memory in use after: 108.0 MB.

Unloading 50 unused Assets to reduce memory usage. Loaded Objects now: 3093.
Total: 15.380640 ms (FindLiveObjects: 1.030079 ms CreateObjectMapping: 0.371308 ms MarkObjects: 9.830823 ms  DeleteObjects: 4.139908 ms)

========================================================================
Received Prepare
Registering precompiled user dll's ...
Registered in 0.015782 seconds.
Begin MonoManager ReloadAssembly
Native extension for LinuxStandalone target not found
Refreshing native plugins compatible for Editor in 0.87 ms, found 0 plugins.
Preloading 0 native plugins for Editor in 0.00 ms.
Mono: successfully reloaded assembly
- Completed reload, in  2.802 seconds
Platform modules already initialized, skipping
Shader 'Universal Render Pipeline/Particles/Lit': fallback shader 'Universal Render Pipeline/Particles/SimpleLit' not found
Shader 'Universal Render Pipeline/Particles/Lit': fallback shader 'Universal Render Pipeline/Particles/SimpleLit' not found
Refreshing native plugins compatible for Editor in 0.83 ms, found 0 plugins.
Preloading 0 native plugins for Editor in 0.00 ms.
Unloading 2618 Unused Serialized files (Serialized files now loaded: 0)
System memory in use before: 109.9 MB.
System memory in use after: 108.0 MB.

Unloading 50 unused Assets to reduce memory usage. Loaded Objects now: 3096.
Total: 10.427196 ms (FindLiveObjects: 0.527551 ms CreateObjectMapping: 0.582170 ms MarkObjects: 6.613621 ms  DeleteObjects: 2.700143 ms)

========================================================================
Received Prepare
Registering precompiled user dll's ...
Registered in 0.012865 seconds.
Begin MonoManager ReloadAssembly
Native extension for LinuxStandalone target not found
Refreshing native plugins compatible for Editor in 2.12 ms, found 0 plugins.
Preloading 0 native plugins for Editor in 0.00 ms.
Mono: successfully reloaded assembly
- Completed reload, in  4.770 seconds
Platform modules already initialized, skipping
Shader 'Universal Render Pipeline/Particles/Lit': fallback shader 'Universal Render Pipeline/Particles/SimpleLit' not found
Shader 'Universal Render Pipeline/Particles/Lit': fallback shader 'Universal Render Pipeline/Particles/SimpleLit' not found
Refreshing native plugins compatible for Editor in 1.73 ms, found 0 plugins.
Preloading 0 native plugins for Editor in 0.00 ms.
Unloading 2618 Unused Serialized files (Serialized files now loaded: 0)
System memory in use before: 109.9 MB.
System memory in use after: 108.0 MB.

Unloading 50 unused Assets to reduce memory usage. Loaded Objects now: 3099.
Total: 13.882946 ms (FindLiveObjects: 1.025354 ms CreateObjectMapping: 0.408850 ms MarkObjects: 8.523438 ms  DeleteObjects: 3.917994 ms)

========================================================================
Received Prepare
Registering precompiled user dll's ...
Registered in 0.012743 seconds.
Begin MonoManager ReloadAssembly
Native extension for LinuxStandalone target not found
Refreshing native plugins compatible for Editor in 2.44 ms, found 0 plugins.
Preloading 0 native plugins for Editor in 0.00 ms.
Mono: successfully reloaded assembly
- Completed reload, in  5.614 seconds
Platform modules already initialized, skipping
Shader 'Universal Render Pipeline/Particles/Lit': fallback shader 'Universal Render Pipeline/Particles/SimpleLit' not found
Shader 'Universal Render Pipeline/Particles/Lit': fallback shader 'Universal Render Pipeline/Particles/SimpleLit' not found
Refreshing native plugins compatible for Editor in 1.26 ms, found 0 plugins.
Preloading 0 native plugins for Editor in 0.00 ms.
Unloading 2618 Unused Serialized files (Serialized files now loaded: 0)
System memory in use before: 110.0 MB.
System memory in use after: 108.0 MB.

Unloading 50 unused Assets to reduce memory usage. Loaded Objects now: 3102.
Total: 14.342812 ms (FindLiveObjects: 0.568131 ms CreateObjectMapping: 0.285885 ms MarkObjects: 9.667263 ms  DeleteObjects: 3.814868 ms)

========================================================================
Received Import Request.
  Time since last request: 840.989079 seconds.
  path: Assets/Scripts
  artifactKey: Guid(02a3527b6b33a924e8ec66aa805ea717) Importer(815301076,1909f56bfc062723c751e8b465ee728b)
Start importing Assets/Scripts using Guid(02a3527b6b33a924e8ec66aa805ea717) Importer(815301076,1909f56bfc062723c751e8b465ee728b)  -> (artifact id: 'f0a913a0049096cde5d6a727232f232f') in 0.006354 seconds
  Import took 0.015419 seconds .

========================================================================
Received Import Request.
  Time since last request: 4.719798 seconds.
  path: Assets/Scripts/Ropes
  artifactKey: Guid(755159b17d40410ee9c4d44523fd807c) Importer(815301076,1909f56bfc062723c751e8b465ee728b)
Start importing Assets/Scripts/Ropes using Guid(755159b17d40410ee9c4d44523fd807c) Importer(815301076,1909f56bfc062723c751e8b465ee728b)  -> (artifact id: 'd351d2b2f75e35207e513a660c3b8299') in 0.001765 seconds
  Import took 0.013421 seconds .

========================================================================
Received Import Request.
  Time since last request: 0.002187 seconds.
  path: Assets/Scripts/Ropes
  artifactKey: Guid(755159b17d40410ee9c4d44523fd807c) Importer(815301076,1909f56bfc062723c751e8b465ee728b)
Start importing Assets/Scripts/Ropes using Guid(755159b17d40410ee9c4d44523fd807c) Importer(815301076,1909f56bfc062723c751e8b465ee728b)  -> (artifact id: 'd351d2b2f75e35207e513a660c3b8299') in 0.002367 seconds
  Import took 0.012455 seconds .

========================================================================
Received Prepare
Registering precompiled user dll's ...
Registered in 0.010357 seconds.
Begin MonoManager ReloadAssembly
Native extension for LinuxStandalone target not found
Refreshing native plugins compatible for Editor in 0.70 ms, found 0 plugins.
Preloading 0 native plugins for Editor in 0.00 ms.
Mono: successfully reloaded assembly
- Completed reload, in  3.396 seconds
Platform modules already initialized, skipping
Shader 'Universal Render Pipeline/Particles/Lit': fallback shader 'Universal Render Pipeline/Particles/SimpleLit' not found
Shader 'Universal Render Pipeline/Particles/Lit': fallback shader 'Universal Render Pipeline/Particles/SimpleLit' not found
Refreshing native plugins compatible for Editor in 1.28 ms, found 0 plugins.
Preloading 0 native plugins for Editor in 0.00 ms.
Unloading 2619 Unused Serialized files (Serialized files now loaded: 0)
System memory in use before: 110.0 MB.
System memory in use after: 108.1 MB.

Unloading 50 unused Assets to reduce memory usage. Loaded Objects now: 3106.
Total: 13.641810 ms (FindLiveObjects: 0.550709 ms CreateObjectMapping: 0.277255 ms MarkObjects: 8.398061 ms  DeleteObjects: 4.410966 ms)

========================================================================
Received Import Request.
  Time since last request: 33.842369 seconds.
  path: Assets/Scripts/Ropes/SimpleRope.cs
  artifactKey: Guid(d5639e450c2642166960573b049f6dbf) Importer(815301076,1909f56bfc062723c751e8b465ee728b)
Start importing Assets/Scripts/Ropes/SimpleRope.cs using Guid(d5639e450c2642166960573b049f6dbf) Importer(815301076,1909f56bfc062723c751e8b465ee728b)  -> (artifact id: '6b8c524500f9e2434fb9d5c9aa5905ae') in 0.011039 seconds
  Import took 0.023649 seconds .

========================================================================
Received Prepare
Registering precompiled user dll's ...
Registered in 0.005436 seconds.
Begin MonoManager ReloadAssembly
Native extension for LinuxStandalone target not found
Refreshing native plugins compatible for Editor in 1.34 ms, found 0 plugins.
Preloading 0 native plugins for Editor in 0.00 ms.
Mono: successfully reloaded assembly
- Completed reload, in  3.282 seconds
Platform modules already initialized, skipping
Shader 'Universal Render Pipeline/Particles/Lit': fallback shader 'Universal Render Pipeline/Particles/SimpleLit' not found
Shader 'Universal Render Pipeline/Particles/Lit': fallback shader 'Universal Render Pipeline/Particles/SimpleLit' not found
Refreshing native plugins compatible for Editor in 1.45 ms, found 0 plugins.
Preloading 0 native plugins for Editor in 0.00 ms.
Unloading 2619 Unused Serialized files (Serialized files now loaded: 0)
System memory in use before: 110.0 MB.
System memory in use after: 108.1 MB.

Unloading 50 unused Assets to reduce memory usage. Loaded Objects now: 3109.
Total: 9.088872 ms (FindLiveObjects: 0.629341 ms CreateObjectMapping: 0.284063 ms MarkObjects: 5.422451 ms  DeleteObjects: 2.749328 ms)

========================================================================
Received Import Request.
  Time since last request: 877.877692 seconds.
  path: Assets/Scripts/Ropes/SimpleRope.cs
  artifactKey: Guid(d5639e450c2642166960573b049f6dbf) Importer(815301076,1909f56bfc062723c751e8b465ee728b)
Start importing Assets/Scripts/Ropes/SimpleRope.cs using Guid(d5639e450c2642166960573b049f6dbf) Importer(815301076,1909f56bfc062723c751e8b465ee728b)  -> (artifact id: '1ecdff4f3d8ca51ddc972c53f572cdf4') in 0.063612 seconds
  Import took 0.074535 seconds .

========================================================================
Received Import Request.
  Time since last request: 0.034096 seconds.
  path: Assets/Scripts/Ropes/SimpleRope.cs
  artifactKey: Guid(d5639e450c2642166960573b049f6dbf) Importer(815301076,1909f56bfc062723c751e8b465ee728b)
Start importing Assets/Scripts/Ropes/SimpleRope.cs using Guid(d5639e450c2642166960573b049f6dbf) Importer(815301076,1909f56bfc062723c751e8b465ee728b)  -> (artifact id: '1ecdff4f3d8ca51ddc972c53f572cdf4') in 0.001207 seconds
  Import took 0.010631 seconds .

========================================================================
Received Prepare
Registering precompiled user dll's ...
Registered in 0.005077 seconds.
Begin MonoManager ReloadAssembly
Native extension for LinuxStandalone target not found
Refreshing native plugins compatible for Editor in 0.83 ms, found 0 plugins.
Preloading 0 native plugins for Editor in 0.00 ms.
Mono: successfully reloaded assembly
- Completed reload, in  2.162 seconds
Platform modules already initialized, skipping
Shader 'Universal Render Pipeline/Particles/Lit': fallback shader 'Universal Render Pipeline/Particles/SimpleLit' not found
Shader 'Universal Render Pipeline/Particles/Lit': fallback shader 'Universal Render Pipeline/Particles/SimpleLit' not found
Refreshing native plugins compatible for Editor in 1.24 ms, found 0 plugins.
Preloading 0 native plugins for Editor in 0.00 ms.
Unloading 2619 Unused Serialized files (Serialized files now loaded: 0)
System memory in use before: 110.0 MB.
System memory in use after: 108.1 MB.

Unloading 50 unused Assets to reduce memory usage. Loaded Objects now: 3112.
Total: 8.891938 ms (FindLiveObjects: 0.466310 ms CreateObjectMapping: 0.280856 ms MarkObjects: 5.460655 ms  DeleteObjects: 2.681360 ms)

========================================================================
Received Prepare
Registering precompiled user dll's ...
Registered in 0.008553 seconds.
Begin MonoManager ReloadAssembly
Native extension for LinuxStandalone target not found
Refreshing native plugins compatible for Editor in 1.90 ms, found 0 plugins.
Preloading 0 native plugins for Editor in 0.00 ms.
Mono: successfully reloaded assembly
- Completed reload, in  4.031 seconds
Platform modules already initialized, skipping
Shader 'Universal Render Pipeline/Particles/Lit': fallback shader 'Universal Render Pipeline/Particles/SimpleLit' not found
Shader 'Universal Render Pipeline/Particles/Lit': fallback shader 'Universal Render Pipeline/Particles/SimpleLit' not found
Refreshing native plugins compatible for Editor in 1.44 ms, found 0 plugins.
Preloading 0 native plugins for Editor in 0.00 ms.
Unloading 2619 Unused Serialized files (Serialized files now loaded: 0)
System memory in use before: 110.0 MB.
System memory in use after: 108.1 MB.

Unloading 50 unused Assets to reduce memory usage. Loaded Objects now: 3115.
Total: 14.874714 ms (FindLiveObjects: 0.698466 ms CreateObjectMapping: 0.555352 ms MarkObjects: 9.038115 ms  DeleteObjects: 4.578055 ms)

========================================================================
Received Prepare
Registering precompiled user dll's ...
Registered in 0.003667 seconds.
Begin MonoManager ReloadAssembly
Native extension for LinuxStandalone target not found
Refreshing native plugins compatible for Editor in 0.93 ms, found 0 plugins.
Preloading 0 native plugins for Editor in 0.00 ms.
Mono: successfully reloaded assembly
- Completed reload, in  2.172 seconds
Platform modules already initialized, skipping
Shader 'Universal Render Pipeline/Particles/Lit': fallback shader 'Universal Render Pipeline/Particles/SimpleLit' not found
Shader 'Universal Render Pipeline/Particles/Lit': fallback shader 'Universal Render Pipeline/Particles/SimpleLit' not found
Refreshing native plugins compatible for Editor in 1.17 ms, found 0 plugins.
Preloading 0 native plugins for Editor in 0.00 ms.
Unloading 2619 Unused Serialized files (Serialized files now loaded: 0)
System memory in use before: 110.0 MB.
System memory in use after: 108.1 MB.

Unloading 50 unused Assets to reduce memory usage. Loaded Objects now: 3118.
Total: 21.094343 ms (FindLiveObjects: 1.183481 ms CreateObjectMapping: 0.504426 ms MarkObjects: 12.599644 ms  DeleteObjects: 6.802368 ms)

========================================================================
Received Prepare
Registering precompiled user dll's ...
Registered in 0.009311 seconds.
Begin MonoManager ReloadAssembly
Native extension for LinuxStandalone target not found
Refreshing native plugins compatible for Editor in 1.33 ms, found 0 plugins.
Preloading 0 native plugins for Editor in 0.00 ms.
Mono: successfully reloaded assembly
- Completed reload, in  3.556 seconds
Platform modules already initialized, skipping
Shader 'Universal Render Pipeline/Particles/Lit': fallback shader 'Universal Render Pipeline/Particles/SimpleLit' not found
Shader 'Universal Render Pipeline/Particles/Lit': fallback shader 'Universal Render Pipeline/Particles/SimpleLit' not found
Refreshing native plugins compatible for Editor in 1.31 ms, found 0 plugins.
Preloading 0 native plugins for Editor in 0.00 ms.
Unloading 2654 Unused Serialized files (Serialized files now loaded: 0)
System memory in use before: 111.0 MB.
System memory in use after: 109.0 MB.

Unloading 50 unused Assets to reduce memory usage. Loaded Objects now: 3156.
Total: 13.019521 ms (FindLiveObjects: 0.557652 ms CreateObjectMapping: 0.280399 ms MarkObjects: 7.937360 ms  DeleteObjects: 4.239601 ms)

========================================================================
Received Prepare
Registering precompiled user dll's ...
Registered in 0.005549 seconds.
Begin MonoManager ReloadAssembly
Native extension for LinuxStandalone target not found
Refreshing native plugins compatible for Editor in 2.31 ms, found 0 plugins.
Preloading 0 native plugins for Editor in 0.00 ms.
Mono: successfully reloaded assembly
- Completed reload, in  4.348 seconds
Platform modules already initialized, skipping
Shader 'Universal Render Pipeline/Particles/Lit': fallback shader 'Universal Render Pipeline/Particles/SimpleLit' not found
Shader 'Universal Render Pipeline/Particles/Lit': fallback shader 'Universal Render Pipeline/Particles/SimpleLit' not found
Refreshing native plugins compatible for Editor in 1.53 ms, found 0 plugins.
Preloading 0 native plugins for Editor in 0.00 ms.
Unloading 2655 Unused Serialized files (Serialized files now loaded: 0)
System memory in use before: 111.0 MB.
System memory in use after: 109.1 MB.

Unloading 50 unused Assets to reduce memory usage. Loaded Objects now: 3160.
Total: 19.797267 ms (FindLiveObjects: 0.649097 ms CreateObjectMapping: 0.292630 ms MarkObjects: 11.841131 ms  DeleteObjects: 7.008301 ms)

========================================================================
Received Prepare
Registering precompiled user dll's ...
Registered in 0.006873 seconds.
Begin MonoManager ReloadAssembly
Native extension for LinuxStandalone target not found
Refreshing native plugins compatible for Editor in 1.25 ms, found 0 plugins.
Preloading 0 native plugins for Editor in 0.00 ms.
Mono: successfully reloaded assembly
- Completed reload, in  2.747 seconds
Platform modules already initialized, skipping
Shader 'Universal Render Pipeline/Particles/Lit': fallback shader 'Universal Render Pipeline/Particles/SimpleLit' not found
Shader 'Universal Render Pipeline/Particles/Lit': fallback shader 'Universal Render Pipeline/Particles/SimpleLit' not found
Refreshing native plugins compatible for Editor in 0.82 ms, found 0 plugins.
Preloading 0 native plugins for Editor in 0.00 ms.
Unloading 2655 Unused Serialized files (Serialized files now loaded: 0)
System memory in use before: 111.0 MB.
System memory in use after: 109.1 MB.

Unloading 50 unused Assets to reduce memory usage. Loaded Objects now: 3163.
Total: 8.286079 ms (FindLiveObjects: 0.331866 ms CreateObjectMapping: 0.122190 ms MarkObjects: 3.752390 ms  DeleteObjects: 4.077128 ms)

========================================================================
Received Prepare
Registering precompiled user dll's ...
Registered in 0.009448 seconds.
Begin MonoManager ReloadAssembly
Native extension for LinuxStandalone target not found
Refreshing native plugins compatible for Editor in 1.39 ms, found 0 plugins.
Preloading 0 native plugins for Editor in 0.00 ms.
Mono: successfully reloaded assembly
- Completed reload, in  5.135 seconds
Platform modules already initialized, skipping
Shader 'Universal Render Pipeline/Particles/Lit': fallback shader 'Universal Render Pipeline/Particles/SimpleLit' not found
Shader 'Universal Render Pipeline/Particles/Lit': fallback shader 'Universal Render Pipeline/Particles/SimpleLit' not found
Refreshing native plugins compatible for Editor in 1.28 ms, found 0 plugins.
Preloading 0 native plugins for Editor in 0.00 ms.
Unloading 2655 Unused Serialized files (Serialized files now loaded: 0)
System memory in use before: 111.0 MB.
System memory in use after: 109.1 MB.

Unloading 50 unused Assets to reduce memory usage. Loaded Objects now: 3166.
Total: 20.969257 ms (FindLiveObjects: 0.581114 ms CreateObjectMapping: 0.333139 ms MarkObjects: 13.209586 ms  DeleteObjects: 6.840073 ms)

========================================================================
Received Prepare
Registering precompiled user dll's ...
Registered in 0.014458 seconds.
Begin MonoManager ReloadAssembly
Native extension for LinuxStandalone target not found
Refreshing native plugins compatible for Editor in 2.17 ms, found 0 plugins.
Preloading 0 native plugins for Editor in 0.00 ms.
Mono: successfully reloaded assembly
- Completed reload, in  4.921 seconds
Platform modules already initialized, skipping
Shader 'Universal Render Pipeline/Particles/Lit': fallback shader 'Universal Render Pipeline/Particles/SimpleLit' not found
Shader 'Universal Render Pipeline/Particles/Lit': fallback shader 'Universal Render Pipeline/Particles/SimpleLit' not found
Refreshing native plugins compatible for Editor in 1.88 ms, found 0 plugins.
Preloading 0 native plugins for Editor in 0.00 ms.
Unloading 2655 Unused Serialized files (Serialized files now loaded: 0)
System memory in use before: 111.0 MB.
System memory in use after: 109.1 MB.

Unloading 50 unused Assets to reduce memory usage. Loaded Objects now: 3169.
Total: 14.537574 ms (FindLiveObjects: 0.737859 ms CreateObjectMapping: 0.322084 ms MarkObjects: 8.632600 ms  DeleteObjects: 4.838736 ms)

========================================================================
Received Prepare
Registering precompiled user dll's ...
Registered in 0.014597 seconds.
Begin MonoManager ReloadAssembly
Native extension for LinuxStandalone target not found
Refreshing native plugins compatible for Editor in 1.80 ms, found 0 plugins.
Preloading 0 native plugins for Editor in 0.00 ms.
Mono: successfully reloaded assembly
- Completed reload, in  3.826 seconds
Platform modules already initialized, skipping
Shader 'Universal Render Pipeline/Particles/Lit': fallback shader 'Universal Render Pipeline/Particles/SimpleLit' not found
Shader 'Universal Render Pipeline/Particles/Lit': fallback shader 'Universal Render Pipeline/Particles/SimpleLit' not found
Refreshing native plugins compatible for Editor in 1.11 ms, found 0 plugins.
Preloading 0 native plugins for Editor in 0.00 ms.
Unloading 2655 Unused Serialized files (Serialized files now loaded: 0)
System memory in use before: 111.0 MB.
System memory in use after: 109.1 MB.

Unloading 50 unused Assets to reduce memory usage. Loaded Objects now: 3172.
Total: 10.678827 ms (FindLiveObjects: 0.334150 ms CreateObjectMapping: 0.136652 ms MarkObjects: 4.291472 ms  DeleteObjects: 5.913323 ms)

========================================================================
Received Prepare
Registering precompiled user dll's ...
Registered in 0.007986 seconds.
Begin MonoManager ReloadAssembly
Native extension for LinuxStandalone target not found
Refreshing native plugins compatible for Editor in 0.75 ms, found 0 plugins.
Preloading 0 native plugins for Editor in 0.00 ms.
Mono: successfully reloaded assembly
- Completed reload, in  3.167 seconds
Platform modules already initialized, skipping
Shader 'Universal Render Pipeline/Particles/Lit': fallback shader 'Universal Render Pipeline/Particles/SimpleLit' not found
Shader 'Universal Render Pipeline/Particles/Lit': fallback shader 'Universal Render Pipeline/Particles/SimpleLit' not found
Refreshing native plugins compatible for Editor in 1.26 ms, found 0 plugins.
Preloading 0 native plugins for Editor in 0.00 ms.
Unloading 2656 Unused Serialized files (Serialized files now loaded: 0)
System memory in use before: 111.0 MB.
System memory in use after: 109.1 MB.

Unloading 50 unused Assets to reduce memory usage. Loaded Objects now: 3176.
Total: 7.756570 ms (FindLiveObjects: 0.472531 ms CreateObjectMapping: 0.236579 ms MarkObjects: 4.011656 ms  DeleteObjects: 3.032916 ms)

========================================================================
Received Prepare
Registering precompiled user dll's ...
Registered in 0.012876 seconds.
Begin MonoManager ReloadAssembly
Native extension for LinuxStandalone target not found
Refreshing native plugins compatible for Editor in 2.18 ms, found 0 plugins.
Preloading 0 native plugins for Editor in 0.00 ms.
Mono: successfully reloaded assembly
- Completed reload, in  5.518 seconds
Platform modules already initialized, skipping
Shader 'Universal Render Pipeline/Particles/Lit': fallback shader 'Universal Render Pipeline/Particles/SimpleLit' not found
Shader 'Universal Render Pipeline/Particles/Lit': fallback shader 'Universal Render Pipeline/Particles/SimpleLit' not found
Refreshing native plugins compatible for Editor in 2.15 ms, found 0 plugins.
Preloading 0 native plugins for Editor in 0.00 ms.
Unloading 2656 Unused Serialized files (Serialized files now loaded: 0)
System memory in use before: 111.1 MB.
System memory in use after: 109.1 MB.

Unloading 50 unused Assets to reduce memory usage. Loaded Objects now: 3179.
Total: 18.287211 ms (FindLiveObjects: 1.116888 ms CreateObjectMapping: 0.447739 ms MarkObjects: 11.924412 ms  DeleteObjects: 4.791195 ms)

========================================================================
Received Prepare
Registering precompiled user dll's ...
Registered in 0.006487 seconds.
Begin MonoManager ReloadAssembly
Native extension for LinuxStandalone target not found
Refreshing native plugins compatible for Editor in 1.07 ms, found 0 plugins.
Preloading 0 native plugins for Editor in 0.00 ms.
Mono: successfully reloaded assembly
- Completed reload, in  5.253 seconds
Platform modules already initialized, skipping
Shader 'Universal Render Pipeline/Particles/Lit': fallback shader 'Universal Render Pipeline/Particles/SimpleLit' not found
Shader 'Universal Render Pipeline/Particles/Lit': fallback shader 'Universal Render Pipeline/Particles/SimpleLit' not found
Refreshing native plugins compatible for Editor in 1.01 ms, found 0 plugins.
Preloading 0 native plugins for Editor in 0.00 ms.
Unloading 2656 Unused Serialized files (Serialized files now loaded: 0)
System memory in use before: 111.1 MB.
System memory in use after: 109.1 MB.

Unloading 50 unused Assets to reduce memory usage. Loaded Objects now: 3182.
Total: 13.917667 ms (FindLiveObjects: 0.685357 ms CreateObjectMapping: 0.352121 ms MarkObjects: 9.624406 ms  DeleteObjects: 3.249550 ms)

========================================================================
Received Prepare
Registering precompiled user dll's ...
Registered in 0.017299 seconds.
Begin MonoManager ReloadAssembly
Native extension for LinuxStandalone target not found
Refreshing native plugins compatible for Editor in 1.94 ms, found 0 plugins.
Preloading 0 native plugins for Editor in 0.00 ms.
Mono: successfully reloaded assembly
- Completed reload, in  5.196 seconds
Platform modules already initialized, skipping
Shader 'Universal Render Pipeline/Particles/Lit': fallback shader 'Universal Render Pipeline/Particles/SimpleLit' not found
Shader 'Universal Render Pipeline/Particles/Lit': fallback shader 'Universal Render Pipeline/Particles/SimpleLit' not found
Refreshing native plugins compatible for Editor in 1.39 ms, found 0 plugins.
Preloading 0 native plugins for Editor in 0.00 ms.
Unloading 2656 Unused Serialized files (Serialized files now loaded: 0)
System memory in use before: 111.1 MB.
System memory in use after: 109.1 MB.

Unloading 50 unused Assets to reduce memory usage. Loaded Objects now: 3185.
Total: 16.558063 ms (FindLiveObjects: 0.580987 ms CreateObjectMapping: 0.287772 ms MarkObjects: 9.423931 ms  DeleteObjects: 6.259242 ms)

========================================================================
Received Prepare
Registering precompiled user dll's ...
Registered in 0.005729 seconds.
Begin MonoManager ReloadAssembly
Native extension for LinuxStandalone target not found
Refreshing native plugins compatible for Editor in 1.35 ms, found 0 plugins.
Preloading 0 native plugins for Editor in 0.00 ms.
Mono: successfully reloaded assembly
- Completed reload, in  5.070 seconds
Platform modules already initialized, skipping
Shader 'Universal Render Pipeline/Particles/Lit': fallback shader 'Universal Render Pipeline/Particles/SimpleLit' not found
Shader 'Universal Render Pipeline/Particles/Lit': fallback shader 'Universal Render Pipeline/Particles/SimpleLit' not found
Refreshing native plugins compatible for Editor in 0.81 ms, found 0 plugins.
Preloading 0 native plugins for Editor in 0.00 ms.
Unloading 2656 Unused Serialized files (Serialized files now loaded: 0)
System memory in use before: 111.1 MB.
System memory in use after: 109.1 MB.

Unloading 50 unused Assets to reduce memory usage. Loaded Objects now: 3188.
Total: 6.643546 ms (FindLiveObjects: 0.321271 ms CreateObjectMapping: 0.125762 ms MarkObjects: 3.908828 ms  DeleteObjects: 2.285278 ms)

========================================================================
Received Prepare
Registering precompiled user dll's ...
Registered in 0.008019 seconds.
Begin MonoManager ReloadAssembly
Native extension for LinuxStandalone target not found
Refreshing native plugins compatible for Editor in 2.33 ms, found 0 plugins.
Preloading 0 native plugins for Editor in 0.00 ms.
Mono: successfully reloaded assembly
- Completed reload, in  4.586 seconds
Platform modules already initialized, skipping
Shader 'Universal Render Pipeline/Particles/Lit': fallback shader 'Universal Render Pipeline/Particles/SimpleLit' not found
Shader 'Universal Render Pipeline/Particles/Lit': fallback shader 'Universal Render Pipeline/Particles/SimpleLit' not found
Refreshing native plugins compatible for Editor in 0.77 ms, found 0 plugins.
Preloading 0 native plugins for Editor in 0.00 ms.
Unloading 2656 Unused Serialized files (Serialized files now loaded: 0)
System memory in use before: 111.1 MB.
System memory in use after: 109.1 MB.

Unloading 50 unused Assets to reduce memory usage. Loaded Objects now: 3191.
Total: 10.437021 ms (FindLiveObjects: 0.346543 ms CreateObjectMapping: 0.132300 ms MarkObjects: 6.807729 ms  DeleteObjects: 3.146408 ms)

========================================================================
Received Prepare
Registering precompiled user dll's ...
Registered in 0.004567 seconds.
Begin MonoManager ReloadAssembly
Native extension for LinuxStandalone target not found
Refreshing native plugins compatible for Editor in 0.73 ms, found 0 plugins.
Preloading 0 native plugins for Editor in 0.00 ms.
Mono: successfully reloaded assembly
- Completed reload, in  1.947 seconds
Platform modules already initialized, skipping
Shader 'Universal Render Pipeline/Particles/Lit': fallback shader 'Universal Render Pipeline/Particles/SimpleLit' not found
Shader 'Universal Render Pipeline/Particles/Lit': fallback shader 'Universal Render Pipeline/Particles/SimpleLit' not found
Refreshing native plugins compatible for Editor in 0.73 ms, found 0 plugins.
Preloading 0 native plugins for Editor in 0.00 ms.
Unloading 2656 Unused Serialized files (Serialized files now loaded: 0)
System memory in use before: 111.1 MB.
System memory in use after: 109.1 MB.

Unloading 50 unused Assets to reduce memory usage. Loaded Objects now: 3194.
Total: 7.635580 ms (FindLiveObjects: 0.334639 ms CreateObjectMapping: 0.155337 ms MarkObjects: 4.686232 ms  DeleteObjects: 2.456816 ms)

========================================================================
Received Prepare
Registering precompiled user dll's ...
Registered in 0.004150 seconds.
Begin MonoManager ReloadAssembly
Native extension for LinuxStandalone target not found
Refreshing native plugins compatible for Editor in 0.74 ms, found 0 plugins.
Preloading 0 native plugins for Editor in 0.00 ms.
Mono: successfully reloaded assembly
- Completed reload, in  2.015 seconds
Platform modules already initialized, skipping
Shader 'Universal Render Pipeline/Particles/Lit': fallback shader 'Universal Render Pipeline/Particles/SimpleLit' not found
Shader 'Universal Render Pipeline/Particles/Lit': fallback shader 'Universal Render Pipeline/Particles/SimpleLit' not found
Refreshing native plugins compatible for Editor in 1.03 ms, found 0 plugins.
Preloading 0 native plugins for Editor in 0.00 ms.
Unloading 2656 Unused Serialized files (Serialized files now loaded: 0)
System memory in use before: 111.1 MB.
System memory in use after: 109.2 MB.

Unloading 50 unused Assets to reduce memory usage. Loaded Objects now: 3197.
Total: 8.453648 ms (FindLiveObjects: 0.329384 ms CreateObjectMapping: 0.154667 ms MarkObjects: 5.038353 ms  DeleteObjects: 2.927850 ms)

========================================================================
Received Prepare
Registering precompiled user dll's ...
Registered in 0.008585 seconds.
Begin MonoManager ReloadAssembly
Native extension for LinuxStandalone target not found
Refreshing native plugins compatible for Editor in 1.34 ms, found 0 plugins.
Preloading 0 native plugins for Editor in 0.00 ms.
Mono: successfully reloaded assembly
- Completed reload, in  2.598 seconds
Platform modules already initialized, skipping
Shader 'Universal Render Pipeline/Particles/Lit': fallback shader 'Universal Render Pipeline/Particles/SimpleLit' not found
Shader 'Universal Render Pipeline/Particles/Lit': fallback shader 'Universal Render Pipeline/Particles/SimpleLit' not found
Refreshing native plugins compatible for Editor in 0.70 ms, found 0 plugins.
Preloading 0 native plugins for Editor in 0.00 ms.
Unloading 2656 Unused Serialized files (Serialized files now loaded: 0)
System memory in use before: 111.1 MB.
System memory in use after: 109.2 MB.

Unloading 50 unused Assets to reduce memory usage. Loaded Objects now: 3200.
Total: 10.190281 ms (FindLiveObjects: 1.449277 ms CreateObjectMapping: 0.533122 ms MarkObjects: 6.044174 ms  DeleteObjects: 2.159774 ms)

========================================================================
Received Prepare
Registering precompiled user dll's ...
Registered in 0.006319 seconds.
Begin MonoManager ReloadAssembly
Native extension for LinuxStandalone target not found
Refreshing native plugins compatible for Editor in 0.74 ms, found 0 plugins.
Preloading 0 native plugins for Editor in 0.00 ms.
Mono: successfully reloaded assembly
- Completed reload, in  2.209 seconds
Platform modules already initialized, skipping
Shader 'Universal Render Pipeline/Particles/Lit': fallback shader 'Universal Render Pipeline/Particles/SimpleLit' not found
Shader 'Universal Render Pipeline/Particles/Lit': fallback shader 'Universal Render Pipeline/Particles/SimpleLit' not found
Refreshing native plugins compatible for Editor in 0.72 ms, found 0 plugins.
Preloading 0 native plugins for Editor in 0.00 ms.
Unloading 2656 Unused Serialized files (Serialized files now loaded: 0)
System memory in use before: 111.1 MB.
System memory in use after: 109.2 MB.

Unloading 50 unused Assets to reduce memory usage. Loaded Objects now: 3203.
Total: 6.986496 ms (FindLiveObjects: 0.334550 ms CreateObjectMapping: 0.161067 ms MarkObjects: 4.172469 ms  DeleteObjects: 2.316111 ms)

========================================================================
Received Prepare
Registering precompiled user dll's ...
Registered in 0.004098 seconds.
Begin MonoManager ReloadAssembly
Native extension for LinuxStandalone target not found
Refreshing native plugins compatible for Editor in 0.73 ms, found 0 plugins.
Preloading 0 native plugins for Editor in 0.00 ms.
Mono: successfully reloaded assembly
- Completed reload, in  1.958 seconds
Platform modules already initialized, skipping
Shader 'Universal Render Pipeline/Particles/Lit': fallback shader 'Universal Render Pipeline/Particles/SimpleLit' not found
Shader 'Universal Render Pipeline/Particles/Lit': fallback shader 'Universal Render Pipeline/Particles/SimpleLit' not found
Refreshing native plugins compatible for Editor in 1.14 ms, found 0 plugins.
Preloading 0 native plugins for Editor in 0.00 ms.
Unloading 2656 Unused Serialized files (Serialized files now loaded: 0)
System memory in use before: 111.1 MB.
System memory in use after: 109.2 MB.

Unloading 50 unused Assets to reduce memory usage. Loaded Objects now: 3206.
Total: 16.517616 ms (FindLiveObjects: 0.683590 ms CreateObjectMapping: 0.258480 ms MarkObjects: 12.419321 ms  DeleteObjects: 3.152900 ms)

========================================================================
Received Prepare
Registering precompiled user dll's ...
Registered in 0.006652 seconds.
Begin MonoManager ReloadAssembly
Native extension for LinuxStandalone target not found
Refreshing native plugins compatible for Editor in 0.76 ms, found 0 plugins.
Preloading 0 native plugins for Editor in 0.00 ms.
Mono: successfully reloaded assembly
- Completed reload, in  2.013 seconds
Platform modules already initialized, skipping
Shader 'Universal Render Pipeline/Particles/Lit': fallback shader 'Universal Render Pipeline/Particles/SimpleLit' not found
Shader 'Universal Render Pipeline/Particles/Lit': fallback shader 'Universal Render Pipeline/Particles/SimpleLit' not found
Refreshing native plugins compatible for Editor in 0.80 ms, found 0 plugins.
Preloading 0 native plugins for Editor in 0.00 ms.
Unloading 2656 Unused Serialized files (Serialized files now loaded: 0)
System memory in use before: 111.1 MB.
System memory in use after: 109.2 MB.

Unloading 50 unused Assets to reduce memory usage. Loaded Objects now: 3209.
Total: 8.473369 ms (FindLiveObjects: 0.570447 ms CreateObjectMapping: 0.330251 ms MarkObjects: 5.119115 ms  DeleteObjects: 2.450871 ms)

========================================================================
Received Prepare
Registering precompiled user dll's ...
Registered in 0.004092 seconds.
Begin MonoManager ReloadAssembly
Native extension for LinuxStandalone target not found
Refreshing native plugins compatible for Editor in 1.08 ms, found 0 plugins.
Preloading 0 native plugins for Editor in 0.00 ms.
Mono: successfully reloaded assembly
- Completed reload, in  2.001 seconds
Platform modules already initialized, skipping
Shader 'Universal Render Pipeline/Particles/Lit': fallback shader 'Universal Render Pipeline/Particles/SimpleLit' not found
Shader 'Universal Render Pipeline/Particles/Lit': fallback shader 'Universal Render Pipeline/Particles/SimpleLit' not found
Refreshing native plugins compatible for Editor in 0.68 ms, found 0 plugins.
Preloading 0 native plugins for Editor in 0.00 ms.
Unloading 2656 Unused Serialized files (Serialized files now loaded: 0)
System memory in use before: 111.1 MB.
System memory in use after: 109.2 MB.

Unloading 50 unused Assets to reduce memory usage. Loaded Objects now: 3212.
Total: 7.332998 ms (FindLiveObjects: 0.330638 ms CreateObjectMapping: 0.125645 ms MarkObjects: 4.115216 ms  DeleteObjects: 2.758479 ms)

========================================================================
Received Prepare
Registering precompiled user dll's ...
Registered in 0.004126 seconds.
Begin MonoManager ReloadAssembly
Native extension for LinuxStandalone target not found
Refreshing native plugins compatible for Editor in 1.02 ms, found 0 plugins.
Preloading 0 native plugins for Editor in 0.00 ms.
Mono: successfully reloaded assembly
- Completed reload, in  2.048 seconds
Platform modules already initialized, skipping
Shader 'Universal Render Pipeline/Particles/Lit': fallback shader 'Universal Render Pipeline/Particles/SimpleLit' not found
Shader 'Universal Render Pipeline/Particles/Lit': fallback shader 'Universal Render Pipeline/Particles/SimpleLit' not found
Refreshing native plugins compatible for Editor in 0.98 ms, found 0 plugins.
Preloading 0 native plugins for Editor in 0.00 ms.
Unloading 2656 Unused Serialized files (Serialized files now loaded: 0)
System memory in use before: 111.1 MB.
System memory in use after: 109.2 MB.

Unloading 50 unused Assets to reduce memory usage. Loaded Objects now: 3215.
Total: 10.368414 ms (FindLiveObjects: 0.940703 ms CreateObjectMapping: 0.330562 ms MarkObjects: 6.571268 ms  DeleteObjects: 2.522361 ms)

========================================================================
Received Prepare
Registering precompiled user dll's ...
Registered in 0.004438 seconds.
Begin MonoManager ReloadAssembly
Native extension for LinuxStandalone target not found
Refreshing native plugins compatible for Editor in 1.09 ms, found 0 plugins.
Preloading 0 native plugins for Editor in 0.00 ms.
Mono: successfully reloaded assembly
- Completed reload, in  2.037 seconds
Platform modules already initialized, skipping
Shader 'Universal Render Pipeline/Particles/Lit': fallback shader 'Universal Render Pipeline/Particles/SimpleLit' not found
Shader 'Universal Render Pipeline/Particles/Lit': fallback shader 'Universal Render Pipeline/Particles/SimpleLit' not found
Refreshing native plugins compatible for Editor in 0.93 ms, found 0 plugins.
Preloading 0 native plugins for Editor in 0.00 ms.
Unloading 2656 Unused Serialized files (Serialized files now loaded: 0)
System memory in use before: 111.1 MB.
System memory in use after: 109.2 MB.

Unloading 50 unused Assets to reduce memory usage. Loaded Objects now: 3218.
Total: 13.543553 ms (FindLiveObjects: 0.363424 ms CreateObjectMapping: 0.165674 ms MarkObjects: 9.852151 ms  DeleteObjects: 3.158647 ms)

========================================================================
Received Prepare
Registering precompiled user dll's ...
Registered in 0.005742 seconds.
Begin MonoManager ReloadAssembly
Native extension for LinuxStandalone target not found
Refreshing native plugins compatible for Editor in 1.75 ms, found 0 plugins.
Preloading 0 native plugins for Editor in 0.00 ms.
Mono: successfully reloaded assembly
- Completed reload, in  1.868 seconds
Platform modules already initialized, skipping
Shader 'Universal Render Pipeline/Particles/Lit': fallback shader 'Universal Render Pipeline/Particles/SimpleLit' not found
Shader 'Universal Render Pipeline/Particles/Lit': fallback shader 'Universal Render Pipeline/Particles/SimpleLit' not found
Refreshing native plugins compatible for Editor in 1.24 ms, found 0 plugins.
Preloading 0 native plugins for Editor in 0.00 ms.
Unloading 2656 Unused Serialized files (Serialized files now loaded: 0)
System memory in use before: 111.1 MB.
System memory in use after: 109.2 MB.

Unloading 50 unused Assets to reduce memory usage. Loaded Objects now: 3221.
Total: 10.443748 ms (FindLiveObjects: 0.767448 ms CreateObjectMapping: 0.374568 ms MarkObjects: 6.523514 ms  DeleteObjects: 2.772084 ms)

AssetImportWorkerClient::OnTransportError - code=2 error=End of file
